step_4/app/build/intermediates/manifest_merge_blame_file/release/manifest-merger-blame-release-report.txt
1<?xml version="1.0" encoding="utf-8"?>
2<!--
3  ~ Copyright (C) 2018 Google Inc.
4  ~
5  ~ Licensed under the Apache License, Version 2.0 (the "License");
6  ~ you may not use this file except in compliance with the License.
7  ~ You may obtain a copy of the License at
8  ~
9  ~     http://www.apache.org/licenses/LICENSE-2.0
10  ~
11  ~ Unless required by applicable law or agreed to in writing, software
12  ~ distributed under the License is distributed on an "AS IS" BASIS,
13  ~ WITHOUT WARRANTIES OR CONDITIONS OF ANY KIND, either express or implied.
14  ~ See the License for the specific language governing permissions and
15  ~ limitations under the License.
16-->
17<manifest xmlns:android="http://schemas.android.com/apk/res/android"
18    package="com.example.android.scorekeeper"
19    android:versionCode="1"
20    android:versionName="1.0" >
21
22    <uses-sdk
23        android:minSdkVersion="15"
23-->src/main/AndroidManifest.xml
24        android:targetSdkVersion="26" />
24-->src/main/AndroidManifest.xml
25
26    <application
26-->src/main/AndroidManifest.xml:21:5-35:19
27        android:allowBackup="true"
27-->src/main/AndroidManifest.xml:22:9-35
28        android:icon="@mipmap/ic_launcher"
28-->src/main/AndroidManifest.xml:23:9-43
29        android:label="@string/app_name"
29-->src/main/AndroidManifest.xml:24:9-41
30        android:roundIcon="@mipmap/ic_launcher_round"
30-->src/main/AndroidManifest.xml:25:9-54
31        android:supportsRtl="true"
31-->src/main/AndroidManifest.xml:26:9-35
32        android:theme="@style/AppTheme" >
32-->src/main/AndroidManifest.xml:27:9-40
33        <activity android:name="com.example.android.scorekeeper.MainActivity" >
33-->src/main/AndroidManifest.xml:28:9-34:20
33-->src/main/AndroidManifest.xml:28:19-47
34            <intent-filter>
34-->src/main/AndroidManifest.xml:29:13-33:29
35                <action android:name="android.intent.action.MAIN" />
35-->src/main/AndroidManifest.xml:30:17-69
35-->src/main/AndroidManifest.xml:30:25-66
36
37                <category android:name="android.intent.category.LAUNCHER" />
37-->src/main/AndroidManifest.xml:32:17-77
37-->src/main/AndroidManifest.xml:32:27-74
38            </intent-filter>
39        </activity>
40
41        <meta-data
41-->[com.android.support:appcompat-v7:26.1.0] AndroidManifest.xml:26:9-28:38
42            android:name="android.support.VERSION"
42-->[com.android.support:appcompat-v7:26.1.0] AndroidManifest.xml:27:13-51
43            android:value="26.1.0" />
43-->[com.android.support:appcompat-v7:26.1.0] AndroidManifest.xml:28:13-35
44        <meta-data
44-->[android.arch.lifecycle:runtime:1.0.0] AndroidManifest.xml:25:9-27:47
45            android:name="android.arch.lifecycle.VERSION"
45-->[android.arch.lifecycle:runtime:1.0.0] AndroidManifest.xml:26:13-58
46            android:value="27.0.0-SNAPSHOT" />
46-->[android.arch.lifecycle:runtime:1.0.0] AndroidManifest.xml:27:13-44
47    </application>
48
49</manifest>